# JRE version: OpenJDK Runtime Environment (8.0_152-b01) (build 1.8.0_152-release-1024-b01)
# Java VM: OpenJDK 64-Bit Server VM (25.152-b01 mixed mode bsd-amd64 compressed oops)
Heap:
 PSYoungGen      total 71680K, used 45263K [0x00000007a0000000, 0x00000007a4b00000, 0x00000007c0000000)
  eden space 66560K, 68% used [0x00000007a0000000,0x00000007a2c33cf0,0x00000007a4100000)
  from space 5120K, 0% used [0x00000007a4600000,0x00000007a4600000,0x00000007a4b00000)
  to   space 5120K, 0% used [0x00000007a4100000,0x00000007a4100000,0x00000007a4600000)
 ParOldGen       total 61440K, used 9080K [0x0000000760000000, 0x0000000763c00000, 0x00000007a0000000)
  object space 61440K, 14% used [0x0000000760000000,0x00000007608de248,0x0000000763c00000)
 Metaspace       used 25022K, capacity 25582K, committed 25856K, reserved 1071104K
  class space    used 3398K, capacity 3536K, committed 3584K, reserved 1048576K
GC Heap History (10 events):
Event: 0.841 GC heap before
{Heap before GC invocations=1 (full 0):
 PSYoungGen      total 38400K, used 33280K [0x00000007a0000000, 0x00000007a2a80000, 0x00000007c0000000)
  eden space 33280K, 100% used [0x00000007a0000000,0x00000007a2080000,0x00000007a2080000)
  from space 5120K, 0% used [0x00000007a2580000,0x00000007a2580000,0x00000007a2a80000)
  to   space 5120K, 0% used [0x00000007a2080000,0x00000007a2080000,0x00000007a2580000)
 ParOldGen       total 87552K, used 0K [0x0000000760000000, 0x0000000765580000, 0x00000007a0000000)
  object space 87552K, 0% used [0x0000000760000000,0x0000000760000000,0x0000000765580000)
 Metaspace       used 6847K, capacity 7066K, committed 7424K, reserved 1056768K
  class space    used 837K, capacity 915K, committed 1024K, reserved 1048576K
Event: 0.847 GC heap after
Heap after GC invocations=1 (full 0):
 PSYoungGen      total 38400K, used 4452K [0x00000007a0000000, 0x00000007a2a80000, 0x00000007c0000000)
  eden space 33280K, 0% used [0x00000007a0000000,0x00000007a0000000,0x00000007a2080000)
  from space 5120K, 86% used [0x00000007a2080000,0x00000007a24d91b8,0x00000007a2580000)
  to   space 5120K, 0% used [0x00000007a2580000,0x00000007a2580000,0x00000007a2a80000)
 ParOldGen       total 87552K, used 8K [0x0000000760000000, 0x0000000765580000, 0x00000007a0000000)
  object space 87552K, 0% used [0x0000000760000000,0x0000000760002000,0x0000000765580000)
 Metaspace       used 6847K, capacity 7066K, committed 7424K, reserved 1056768K
  class space    used 837K, capacity 915K, committed 1024K, reserved 1048576K
}
Event: 1.596 GC heap before
{Heap before GC invocations=2 (full 0):
 PSYoungGen      total 38400K, used 37732K [0x00000007a0000000, 0x00000007a2a80000, 0x00000007c0000000)
  eden space 33280K, 100% used [0x00000007a0000000,0x00000007a2080000,0x00000007a2080000)
  from space 5120K, 86% used [0x00000007a2080000,0x00000007a24d91b8,0x00000007a2580000)
  to   space 5120K, 0% used [0x00000007a2580000,0x00000007a2580000,0x00000007a2a80000)
 ParOldGen       total 87552K, used 8K [0x0000000760000000, 0x0000000765580000, 0x00000007a0000000)
  object space 87552K, 0% used [0x0000000760000000,0x0000000760002000,0x0000000765580000)
 Metaspace       used 12075K, capacity 12490K, committed 12800K, reserved 1060864K
  class space    used 1657K, capacity 1771K, committed 1792K, reserved 1048576K
Event: 1.635 GC heap after
Heap after GC invocations=2 (full 0):
 PSYoungGen      total 38400K, used 5114K [0x00000007a0000000, 0x00000007a4b00000, 0x00000007c0000000)
  eden space 33280K, 0% used [0x00000007a0000000,0x00000007a0000000,0x00000007a2080000)
  from space 5120K, 99% used [0x00000007a2580000,0x00000007a2a7e9b8,0x00000007a2a80000)
  to   space 5120K, 0% used [0x00000007a2080000,0x00000007a2080000,0x00000007a2580000)
 ParOldGen       total 87552K, used 862K [0x0000000760000000, 0x0000000765580000, 0x00000007a0000000)
  object space 87552K, 0% used [0x0000000760000000,0x00000007600d7898,0x0000000765580000)
 Metaspace       used 12075K, capacity 12490K, committed 12800K, reserved 1060864K
  class space    used 1657K, capacity 1771K, committed 1792K, reserved 1048576K
}
Event: 2.959 GC heap before
{Heap before GC invocations=3 (full 0):
 PSYoungGen      total 38400K, used 38394K [0x00000007a0000000, 0x00000007a4b00000, 0x00000007c0000000)
  eden space 33280K, 100% used [0x00000007a0000000,0x00000007a2080000,0x00000007a2080000)
  from space 5120K, 99% used [0x00000007a2580000,0x00000007a2a7e9b8,0x00000007a2a80000)
  to   space 5120K, 0% used [0x00000007a2080000,0x00000007a2080000,0x00000007a2580000)
 ParOldGen       total 87552K, used 862K [0x0000000760000000, 0x0000000765580000, 0x00000007a0000000)
  object space 87552K, 0% used [0x0000000760000000,0x00000007600d7898,0x0000000765580000)
 Metaspace       used 15544K, capacity 15918K, committed 16256K, reserved 1062912K
  class space    used 2210K, capacity 2317K, committed 2432K, reserved 1048576K
Event: 2.970 GC heap after
Heap after GC invocations=3 (full 0):
 PSYoungGen      total 38400K, used 5091K [0x00000007a0000000, 0x00000007a4b00000, 0x00000007c0000000)
  eden space 33280K, 0% used [0x00000007a0000000,0x00000007a0000000,0x00000007a2080000)
  from space 5120K, 99% used [0x00000007a2080000,0x00000007a2578d98,0x00000007a2580000)
  to   space 5120K, 0% used [0x00000007a4600000,0x00000007a4600000,0x00000007a4b00000)
 ParOldGen       total 87552K, used 3607K [0x0000000760000000, 0x0000000765580000, 0x00000007a0000000)
  object space 87552K, 4% used [0x0000000760000000,0x0000000760385d20,0x0000000765580000)
 Metaspace       used 15544K, capacity 15918K, committed 16256K, reserved 1062912K
  class space    used 2210K, capacity 2317K, committed 2432K, reserved 1048576K
}
Event: 4.041 GC heap before
{Heap before GC invocations=4 (full 0):
 PSYoungGen      total 38400K, used 35005K [0x00000007a0000000, 0x00000007a4b00000, 0x00000007c0000000)
  eden space 33280K, 89% used [0x00000007a0000000,0x00000007a1d36830,0x00000007a2080000)
  from space 5120K, 99% used [0x00000007a2080000,0x00000007a2578d98,0x00000007a2580000)
  to   space 5120K, 0% used [0x00000007a4600000,0x00000007a4600000,0x00000007a4b00000)
 ParOldGen       total 87552K, used 3607K [0x0000000760000000, 0x0000000765580000, 0x00000007a0000000)
  object space 87552K, 4% used [0x0000000760000000,0x0000000760385d20,0x0000000765580000)
 Metaspace       used 20654K, capacity 21134K, committed 21248K, reserved 1067008K
  class space    used 2879K, capacity 3042K, committed 3072K, reserved 1048576K
Event: 4.059 GC heap after
Heap after GC invocations=4 (full 0):
 PSYoungGen      total 71680K, used 5088K [0x00000007a0000000, 0x00000007a4b00000, 0x00000007c0000000)
  eden space 66560K, 0% used [0x00000007a0000000,0x00000007a0000000,0x00000007a4100000)
  from space 5120K, 99% used [0x00000007a4600000,0x00000007a4af8030,0x00000007a4b00000)
  to   space 5120K, 0% used [0x00000007a4100000,0x00000007a4100000,0x00000007a4600000)
 ParOldGen       total 87552K, used 7797K [0x0000000760000000, 0x0000000765580000, 0x00000007a0000000)
  object space 87552K, 8% used [0x0000000760000000,0x000000076079d508,0x0000000765580000)
 Metaspace       used 20654K, capacity 21134K, committed 21248K, reserved 1067008K
  class space    used 2879K, capacity 3042K, committed 3072K, reserved 1048576K
}
Event: 4.059 GC heap before
{Heap before GC invocations=5 (full 1):
 PSYoungGen      total 71680K, used 5088K [0x00000007a0000000, 0x00000007a4b00000, 0x00000007c0000000)
  eden space 66560K, 0% used [0x00000007a0000000,0x00000007a0000000,0x00000007a4100000)
  from space 5120K, 99% used [0x00000007a4600000,0x00000007a4af8030,0x00000007a4b00000)
  to   space 5120K, 0% used [0x00000007a4100000,0x00000007a4100000,0x00000007a4600000)
 ParOldGen       total 87552K, used 7797K [0x0000000760000000, 0x0000000765580000, 0x00000007a0000000)
  object space 87552K, 8% used [0x0000000760000000,0x000000076079d508,0x0000000765580000)
 Metaspace       used 20654K, capacity 21134K, committed 21248K, reserved 1067008K
  class space    used 2879K, capacity 3042K, committed 3072K, reserved 1048576K
Event: 4.116 GC heap after
Heap after GC invocations=5 (full 1):
 PSYoungGen      total 71680K, used 0K [0x00000007a0000000, 0x00000007a4b00000, 0x00000007c0000000)
  eden space 66560K, 0% used [0x00000007a0000000,0x00000007a0000000,0x00000007a4100000)
  from space 5120K, 0% used [0x00000007a4600000,0x00000007a4600000,0x00000007a4b00000)
  to   space 5120K, 0% used [0x00000007a4100000,0x00000007a4100000,0x00000007a4600000)
 ParOldGen       total 61440K, used 9080K [0x0000000760000000, 0x0000000763c00000, 0x00000007a0000000)
  object space 61440K, 14% used [0x0000000760000000,0x00000007608de248,0x0000000763c00000)
 Metaspace       used 20654K, capacity 21134K, committed 21248K, reserved 1067008K
  class space    used 2879K, capacity 3042K, committed 3072K, reserved 1048576K
}

